<?xml version="1.0" encoding="UTF-8"?>
<testsuite name="Tests for posts statistics" tests="2" skipped="0" failures="0" errors="0" timestamp="2026-08-02T17:30:49.886Z" hostname="DESKTOP-VCBDRR9" time="0.008">
  <properties/>
  <testcase name="testPostsCount1000()" classname="com.kodilla.testing.forum.statistics.ForumStatisticsTestSuite$PostsTests" time="0.003"/>
  <testcase name="testPostsCountZero()" classname="com.kodilla.testing.forum.statistics.ForumStatisticsTestSuite$PostsTests" time="0.003"/>
  <system-out><![CDATA[]]></system-out>
  <system-err><![CDATA[]]></system-err>
</testsuite>
