<?xml version="1.0" encoding="UTF-8"?>
<testsuite name="Tests for listBooksInHandsOf" tests="3" skipped="0" failures="0" errors="0" timestamp="2026-07-20T16:22:15.200Z" hostname="DESKTOP-VCBDRR9" time="0.014">
  <properties/>
  <testcase name="testListBooksInHandsOfOneBook()" classname="com.kodilla.testing.library.BookDirectoryTestSuite$TestListBooksInHandsOf" time="0.003"/>
  <testcase name="testListBooksInHandsOfFiveBooks()" classname="com.kodilla.testing.library.BookDirectoryTestSuite$TestListBooksInHandsOf" time="0.004"/>
  <testcase name="testListBooksInHandsOfZeroBooks()" classname="com.kodilla.testing.library.BookDirectoryTestSuite$TestListBooksInHandsOf" time="0.003"/>
  <system-out><![CDATA[]]></system-out>
  <system-err><![CDATA[]]></system-err>
</testsuite>
