<?xml version="1.0" encoding="UTF-8"?>
<testsuite name="Tests for comments statistics" tests="3" skipped="0" failures="0" errors="0" timestamp="2026-08-18T12:04:46.083Z" hostname="DESKTOP-VCBDRR9" time="0.01">
  <properties/>
  <testcase name="testCommentsLessThanPosts()" classname="com.kodilla.testing.forum.statistics.ForumStatisticsTestSuite$CommentsTests" time="0.002"/>
  <testcase name="testCommentsMoreThanPosts()" classname="com.kodilla.testing.forum.statistics.ForumStatisticsTestSuite$CommentsTests" time="0.002"/>
  <testcase name="testCommentsCountZero()" classname="com.kodilla.testing.forum.statistics.ForumStatisticsTestSuite$CommentsTests" time="0.003"/>
  <system-out><![CDATA[]]></system-out>
  <system-err><![CDATA[]]></system-err>
</testsuite>
