<?xml version="1.0" encoding="UTF-8"?>
<testsuite name="com.kodilla.testing.library.BookDirectoryTestSuite" tests="2" skipped="0" failures="0" errors="0" timestamp="2026-08-01T15:49:07.731Z" hostname="DESKTOP-VCBDRR9" time="0.029">
  <properties/>
  <testcase name="testListBooksWithConditionMoreThan20()" classname="com.kodilla.testing.library.BookDirectoryTestSuite" time="0.027"/>
  <testcase name="testListBooksWithConditionsReturnList()" classname="com.kodilla.testing.library.BookDirectoryTestSuite" time="0.001"/>
  <system-out><![CDATA[]]></system-out>
  <system-err><![CDATA[]]></system-err>
</testsuite>
