<?xml version="1.0" encoding="UTF-8"?>
<testsuite name="Testy metody probablyIWillThrowException" tests="2" skipped="0" failures="0" errors="0" timestamp="2026-08-20T20:21:03.866Z" hostname="DESKTOP-VCBDRR9" time="0.073">
  <properties/>
  <testcase name="Testy wartości brzegowych" classname="SecondChallengeTestSuite" time="0.034"/>
  <testcase name="Testy które NIE powinny rzucić wyjątku" classname="SecondChallengeTestSuite" time="0.019"/>
  <system-out><![CDATA[]]></system-out>
  <system-err><![CDATA[]]></system-err>
</testsuite>
